{
  "RSpec": {
    "coverage": {
      "/home/saasbook/CS3300/Project/Schorsch/reservationV4/app/helpers/application_helper.rb": [
        1,
        null
      ],
      "/home/saasbook/CS3300/Project/Schorsch/reservationV4/app/helpers/sessions_helper.rb": [
        1,
        null
      ],
      "/home/saasbook/CS3300/Project/Schorsch/reservationV4/app/helpers/users_helper.rb": [
        1,
        null
      ],
      "/home/saasbook/CS3300/Project/Schorsch/reservationV4/app/helpers/welcome_helper.rb": [
        1,
        null
      ],
      "/home/saasbook/CS3300/Project/Schorsch/reservationV4/app/controllers/reservations_controller.rb": [
        1,
        null,
        1,
        0,
        null,
        null,
        1,
        0,
        null,
        null,
        1,
        1,
        1,
        1,
        0,
        null,
        1,
        null,
        1,
        null,
        null,
        1,
        0,
        null,
        null,
        1,
        0,
        0,
        0,
        0,
        null,
        0,
        0,
        null,
        null,
        null,
        1,
        0,
        null,
        null,
        1,
        0,
        0,
        0,
        0,
        null,
        0,
        0,
        null,
        null,
        null,
        1,
        1,
        0,
        null,
        null,
        null
      ],
      "/home/saasbook/CS3300/Project/Schorsch/reservationV4/app/controllers/application_controller.rb": [
        1,
        null,
        null,
        1,
        null,
        null,
        null,
        null,
        null,
        1,
        1,
        88,
        null,
        1,
        null,
        1,
        0,
        null,
        null,
        null,
        null
      ],
      "/home/saasbook/CS3300/Project/Schorsch/reservationV4/app/controllers/restaurants_controller.rb": [
        1,
        null,
        1,
        11,
        null,
        null,
        1,
        9,
        null,
        null,
        1,
        2,
        null,
        null,
        1,
        3,
        2,
        null,
        1,
        null,
        3,
        null,
        null,
        1,
        6,
        null,
        null,
        1,
        6,
        6,
        1,
        1,
        null,
        5,
        5,
        null,
        null,
        null,
        1,
        11,
        null,
        null,
        1,
        6,
        6,
        1,
        1,
        null,
        5,
        5,
        null,
        null,
        null,
        1,
        1,
        12,
        null,
        null,
        null
      ],
      "/home/saasbook/CS3300/Project/Schorsch/reservationV4/app/models/reservation.rb": [
        1,
        1,
        1,
        null,
        1,
        null
      ],
      "/home/saasbook/CS3300/Project/Schorsch/reservationV4/app/models/restaurant.rb": [
        1,
        1,
        1,
        1,
        1,
        1,
        null
      ],
      "/home/saasbook/CS3300/Project/Schorsch/reservationV4/app/models/user.rb": [
        1,
        null,
        1,
        1,
        null,
        1,
        1,
        1,
        1,
        1,
        1,
        null,
        null
      ]
    },
    "timestamp": 1429317836
  },
  "Cucumber Features": {
    "coverage": {
      "/home/saasbook/CS3300/Project/Schorsch/reservationV4/app/controllers/welcome_controller.rb": [
        1,
        1,
        2,
        null,
        null
      ],
      "/home/saasbook/CS3300/Project/Schorsch/reservationV4/app/controllers/application_controller.rb": [
        1,
        null,
        null,
        1,
        null,
        null,
        null,
        null,
        null,
        1,
        1,
        156,
        null,
        1,
        null,
        1,
        0,
        null,
        null,
        null,
        null
      ],
      "/home/saasbook/CS3300/Project/Schorsch/reservationV4/app/helpers/application_helper.rb": [
        1,
        null
      ],
      "/home/saasbook/CS3300/Project/Schorsch/reservationV4/app/helpers/sessions_helper.rb": [
        1,
        null
      ],
      "/home/saasbook/CS3300/Project/Schorsch/reservationV4/app/helpers/users_helper.rb": [
        1,
        null
      ],
      "/home/saasbook/CS3300/Project/Schorsch/reservationV4/app/helpers/welcome_helper.rb": [
        1,
        null
      ],
      "/home/saasbook/CS3300/Project/Schorsch/reservationV4/app/models/restaurant.rb": [
        1,
        1,
        1,
        1,
        1,
        1,
        null
      ],
      "/home/saasbook/CS3300/Project/Schorsch/reservationV4/app/controllers/restaurants_controller.rb": [
        1,
        null,
        1,
        9,
        null,
        null,
        1,
        14,
        null,
        null,
        1,
        2,
        null,
        null,
        1,
        1,
        1,
        null,
        0,
        null,
        1,
        null,
        null,
        1,
        8,
        null,
        null,
        1,
        6,
        6,
        1,
        1,
        null,
        5,
        5,
        null,
        null,
        null,
        1,
        15,
        null,
        null,
        1,
        7,
        7,
        2,
        2,
        null,
        5,
        5,
        null,
        null,
        null,
        1,
        1,
        13,
        null,
        null,
        null
      ],
      "/home/saasbook/CS3300/Project/Schorsch/reservationV4/app/models/reservation.rb": [
        1,
        1,
        1,
        null,
        1,
        null
      ],
      "/home/saasbook/CS3300/Project/Schorsch/reservationV4/app/controllers/reservations_controller.rb": [
        1,
        null,
        1,
        7,
        null,
        null,
        1,
        1,
        null,
        null,
        1,
        1,
        1,
        1,
        1,
        null,
        0,
        null,
        1,
        null,
        null,
        1,
        4,
        null,
        null,
        1,
        3,
        3,
        1,
        1,
        null,
        2,
        2,
        null,
        null,
        null,
        1,
        7,
        null,
        null,
        1,
        3,
        3,
        1,
        1,
        null,
        2,
        2,
        null,
        null,
        null,
        1,
        1,
        6,
        null,
        null,
        null
      ]
    },
    "timestamp": 1429317937
  }
}
